<?xml version="1.0" encoding="UTF-8"?>
<testsuite xmlns:xsi="http://www.w3.org/2001/XMLSchema-instance" xsi:noNamespaceSchemaLocation="https://maven.apache.org/surefire/maven-surefire-plugin/xsd/surefire-test-report.xsd" name="TestSuite" time="44.726" tests="1" errors="0" skipped="0" failures="1">
  <properties>
    <property name="PlatformVersion" value="11.0"/>
    <property name="gopherProxySet" value="false"/>
    <property name="awt.toolkit" value="sun.lwawt.macosx.LWCToolkit"/>
    <property name="file.encoding.pkg" value="sun.io"/>
    <property name="java.specification.version" value="1.8"/>
    <property name="sun.cpu.isalist" value=""/>
    <property name="sun.jnu.encoding" value="UTF-8"/>
    <property name="java.class.path" value="/Users/gauthamanprakasam/eclipse-workspace/appiumTutorial/target/test-classes:/Users/gauthamanprakasam/eclipse-workspace/appiumTutorial/target/classes:/Users/gauthamanprakasam/.m2/repository/io/appium/java-client/5.0.4/java-client-5.0.4.jar:/Users/gauthamanprakasam/.m2/repository/org/seleniumhq/selenium/selenium-java/3.6.0/selenium-java-3.6.0.jar:/Users/gauthamanprakasam/.m2/repository/org/seleniumhq/selenium/selenium-support/3.6.0/selenium-support-3.6.0.jar:/Users/gauthamanprakasam/.m2/repository/org/seleniumhq/selenium/selenium-api/3.6.0/selenium-api-3.6.0.jar:/Users/gauthamanprakasam/.m2/repository/com/google/code/gson/gson/2.8.2/gson-2.8.2.jar:/Users/gauthamanprakasam/.m2/repository/org/apache/httpcomponents/httpclient/4.5.3/httpclient-4.5.3.jar:/Users/gauthamanprakasam/.m2/repository/cglib/cglib/3.2.5/cglib-3.2.5.jar:/Users/gauthamanprakasam/.m2/repository/org/ow2/asm/asm/5.2/asm-5.2.jar:/Users/gauthamanprakasam/.m2/repository/org/apache/ant/ant/1.9.6/ant-1.9.6.jar:/Users/gauthamanprakasam/.m2/repository/org/apache/ant/ant-launcher/1.9.6/ant-launcher-1.9.6.jar:/Users/gauthamanprakasam/.m2/repository/commons-validator/commons-validator/1.6/commons-validator-1.6.jar:/Users/gauthamanprakasam/.m2/repository/commons-beanutils/commons-beanutils/1.9.2/commons-beanutils-1.9.2.jar:/Users/gauthamanprakasam/.m2/repository/commons-digester/commons-digester/1.8.1/commons-digester-1.8.1.jar:/Users/gauthamanprakasam/.m2/repository/commons-collections/commons-collections/3.2.2/commons-collections-3.2.2.jar:/Users/gauthamanprakasam/.m2/repository/org/apache/commons/commons-lang3/3.6/commons-lang3-3.6.jar:/Users/gauthamanprakasam/.m2/repository/commons-io/commons-io/2.5/commons-io-2.5.jar:/Users/gauthamanprakasam/.m2/repository/org/springframework/spring-context/5.0.0.RELEASE/spring-context-5.0.0.RELEASE.jar:/Users/gauthamanprakasam/.m2/repository/org/springframework/spring-aop/5.0.0.RELEASE/spring-aop-5.0.0.RELEASE.jar:/Users/gauthamanprakasam/.m2/repository/org/springframework/spring-beans/5.0.0.RELEASE/spring-beans-5.0.0.RELEASE.jar:/Users/gauthamanprakasam/.m2/repository/org/springframework/spring-core/5.0.0.RELEASE/spring-core-5.0.0.RELEASE.jar:/Users/gauthamanprakasam/.m2/repository/org/springframework/spring-jcl/5.0.0.RELEASE/spring-jcl-5.0.0.RELEASE.jar:/Users/gauthamanprakasam/.m2/repository/org/springframework/spring-expression/5.0.0.RELEASE/spring-expression-5.0.0.RELEASE.jar:/Users/gauthamanprakasam/.m2/repository/org/aspectj/aspectjweaver/1.8.11/aspectjweaver-1.8.11.jar:/Users/gauthamanprakasam/.m2/repository/org/openpnp/opencv/3.2.0-1/opencv-3.2.0-1.jar:/Users/gauthamanprakasam/.m2/repository/com/google/guava/guava/21.0/guava-21.0.jar:/Users/gauthamanprakasam/.m2/repository/org/seleniumhq/selenium/selenium-server/3.6.0/selenium-server-3.6.0.jar:/Users/gauthamanprakasam/.m2/repository/org/seleniumhq/selenium/selenium-chrome-driver/3.6.0/selenium-chrome-driver-3.6.0.jar:/Users/gauthamanprakasam/.m2/repository/org/seleniumhq/selenium/selenium-edge-driver/3.6.0/selenium-edge-driver-3.6.0.jar:/Users/gauthamanprakasam/.m2/repository/org/seleniumhq/selenium/selenium-firefox-driver/3.6.0/selenium-firefox-driver-3.6.0.jar:/Users/gauthamanprakasam/.m2/repository/org/seleniumhq/selenium/selenium-ie-driver/3.6.0/selenium-ie-driver-3.6.0.jar:/Users/gauthamanprakasam/.m2/repository/org/seleniumhq/selenium/selenium-opera-driver/3.6.0/selenium-opera-driver-3.6.0.jar:/Users/gauthamanprakasam/.m2/repository/org/seleniumhq/selenium/selenium-remote-driver/3.6.0/selenium-remote-driver-3.6.0.jar:/Users/gauthamanprakasam/.m2/repository/org/seleniumhq/selenium/selenium-safari-driver/3.6.0/selenium-safari-driver-3.6.0.jar:/Users/gauthamanprakasam/.m2/repository/com/beust/jcommander/1.48/jcommander-1.48.jar:/Users/gauthamanprakasam/.m2/repository/net/bytebuddy/byte-buddy/1.7.5/byte-buddy-1.7.5.jar:/Users/gauthamanprakasam/.m2/repository/org/apache/commons/commons-exec/1.3/commons-exec-1.3.jar:/Users/gauthamanprakasam/.m2/repository/commons-codec/commons-codec/1.10/commons-codec-1.10.jar:/Users/gauthamanprakasam/.m2/repository/commons-logging/commons-logging/1.2/commons-logging-1.2.jar:/Users/gauthamanprakasam/.m2/repository/org/w3c/css/sac/1.3/sac-1.3.jar:/Users/gauthamanprakasam/.m2/repository/net/sourceforge/cssparser/cssparser/0.9.23/cssparser-0.9.23.jar:/Users/gauthamanprakasam/.m2/repository/net/sourceforge/htmlunit/htmlunit/2.27/htmlunit-2.27.jar:/Users/gauthamanprakasam/.m2/repository/net/sourceforge/htmlunit/htmlunit-core-js/2.27/htmlunit-core-js-2.27.jar:/Users/gauthamanprakasam/.m2/repository/net/sourceforge/htmlunit/neko-htmlunit/2.27/neko-htmlunit-2.27.jar:/Users/gauthamanprakasam/.m2/repository/org/apache/httpcomponents/httpcore/4.4.6/httpcore-4.4.6.jar:/Users/gauthamanprakasam/.m2/repository/org/apache/httpcomponents/httpmime/4.5.3/httpmime-4.5.3.jar:/Users/gauthamanprakasam/.m2/repository/net/jcip/jcip-annotations/1.0/jcip-annotations-1.0.jar:/Users/gauthamanprakasam/.m2/repository/org/seleniumhq/selenium/jetty-repacked/9.4.5.v20170502/jetty-repacked-9.4.5.v20170502.jar:/Users/gauthamanprakasam/.m2/repository/org/eclipse/jetty/jetty-client/9.4.5.v20170502/jetty-client-9.4.5.v20170502.jar:/Users/gauthamanprakasam/.m2/repository/org/eclipse/jetty/jetty-http/9.4.5.v20170502/jetty-http-9.4.5.v20170502.jar:/Users/gauthamanprakasam/.m2/repository/org/eclipse/jetty/jetty-io/9.4.5.v20170502/jetty-io-9.4.5.v20170502.jar:/Users/gauthamanprakasam/.m2/repository/org/eclipse/jetty/jetty-util/9.4.5.v20170502/jetty-util-9.4.5.v20170502.jar:/Users/gauthamanprakasam/.m2/repository/net/java/dev/jna/jna/4.1.0/jna-4.1.0.jar:/Users/gauthamanprakasam/.m2/repository/net/java/dev/jna/jna-platform/4.1.0/jna-platform-4.1.0.jar:/Users/gauthamanprakasam/.m2/repository/com/codeborne/phantomjsdriver/1.4.0/phantomjsdriver-1.4.0.jar:/Users/gauthamanprakasam/.m2/repository/org/seleniumhq/selenium/htmlunit-driver/2.27/htmlunit-driver-2.27.jar:/Users/gauthamanprakasam/.m2/repository/javax/servlet/javax.servlet-api/3.1.0/javax.servlet-api-3.1.0.jar:/Users/gauthamanprakasam/.m2/repository/org/eclipse/jetty/websocket/websocket-api/9.4.5.v20170502/websocket-api-9.4.5.v20170502.jar:/Users/gauthamanprakasam/.m2/repository/org/eclipse/jetty/websocket/websocket-client/9.4.5.v20170502/websocket-client-9.4.5.v20170502.jar:/Users/gauthamanprakasam/.m2/repository/org/eclipse/jetty/websocket/websocket-common/9.4.5.v20170502/websocket-common-9.4.5.v20170502.jar:/Users/gauthamanprakasam/.m2/repository/xalan/serializer/2.7.2/serializer-2.7.2.jar:/Users/gauthamanprakasam/.m2/repository/xalan/xalan/2.7.2/xalan-2.7.2.jar:/Users/gauthamanprakasam/.m2/repository/xerces/xercesImpl/2.11.0/xercesImpl-2.11.0.jar:/Users/gauthamanprakasam/.m2/repository/xml-apis/xml-apis/1.4.01/xml-apis-1.4.01.jar:/Users/gauthamanprakasam/.m2/repository/org/yaml/snakeyaml/1.15/snakeyaml-1.15.jar:/Users/gauthamanprakasam/.m2/repository/org/testng/testng/6.8/testng-6.8.jar:/Users/gauthamanprakasam/.m2/repository/junit/junit/4.10/junit-4.10.jar:/Users/gauthamanprakasam/.m2/repository/org/hamcrest/hamcrest-core/1.1/hamcrest-core-1.1.jar:/Users/gauthamanprakasam/.m2/repository/org/beanshell/bsh/2.0b4/bsh-2.0b4.jar:/Users/gauthamanprakasam/.m2/repository/org/apache/maven/surefire/surefire-testng-utils/2.20.1/surefire-testng-utils-2.20.1.jar:/Users/gauthamanprakasam/.m2/repository/org/apache/maven/surefire/surefire-grouper/2.20.1/surefire-grouper-2.20.1.jar:"/>
    <property name="java.vm.vendor" value="Oracle Corporation"/>
    <property name="deviceName" value=""/>
    <property name="sun.arch.data.model" value="64"/>
    <property name="java.vendor.url" value="http://java.oracle.com/"/>
    <property name="user.timezone" value=""/>
    <property name="java.vm.specification.version" value="1.8"/>
    <property name="os.name" value="Mac OS X"/>
    <property name="user.country" value="US"/>
    <property name="sun.java.launcher" value="SUN_STANDARD"/>
    <property name="sun.boot.library.path" value="/Library/Java/JavaVirtualMachines/jdk1.8.0_121.jdk/Contents/Home/jre/lib"/>
    <property name="sun.java.command" value="/Users/gauthamanprakasam/eclipse-workspace/appiumTutorial/target/surefire/surefirebooter3388084576525981000.jar /Users/gauthamanprakasam/eclipse-workspace/appiumTutorial/target/surefire 2017-10-09T22-12-42_092-jvmRun1 surefire3614257242153264269tmp surefire_04635599490084662668tmp"/>
    <property name="http.nonProxyHosts" value="local|*.local|169.254/16|*.169.254/16"/>
    <property name="surefire.test.class.path" value="/Users/gauthamanprakasam/eclipse-workspace/appiumTutorial/target/test-classes:/Users/gauthamanprakasam/eclipse-workspace/appiumTutorial/target/classes:/Users/gauthamanprakasam/.m2/repository/io/appium/java-client/5.0.4/java-client-5.0.4.jar:/Users/gauthamanprakasam/.m2/repository/org/seleniumhq/selenium/selenium-java/3.6.0/selenium-java-3.6.0.jar:/Users/gauthamanprakasam/.m2/repository/org/seleniumhq/selenium/selenium-support/3.6.0/selenium-support-3.6.0.jar:/Users/gauthamanprakasam/.m2/repository/org/seleniumhq/selenium/selenium-api/3.6.0/selenium-api-3.6.0.jar:/Users/gauthamanprakasam/.m2/repository/com/google/code/gson/gson/2.8.2/gson-2.8.2.jar:/Users/gauthamanprakasam/.m2/repository/org/apache/httpcomponents/httpclient/4.5.3/httpclient-4.5.3.jar:/Users/gauthamanprakasam/.m2/repository/cglib/cglib/3.2.5/cglib-3.2.5.jar:/Users/gauthamanprakasam/.m2/repository/org/ow2/asm/asm/5.2/asm-5.2.jar:/Users/gauthamanprakasam/.m2/repository/org/apache/ant/ant/1.9.6/ant-1.9.6.jar:/Users/gauthamanprakasam/.m2/repository/org/apache/ant/ant-launcher/1.9.6/ant-launcher-1.9.6.jar:/Users/gauthamanprakasam/.m2/repository/commons-validator/commons-validator/1.6/commons-validator-1.6.jar:/Users/gauthamanprakasam/.m2/repository/commons-beanutils/commons-beanutils/1.9.2/commons-beanutils-1.9.2.jar:/Users/gauthamanprakasam/.m2/repository/commons-digester/commons-digester/1.8.1/commons-digester-1.8.1.jar:/Users/gauthamanprakasam/.m2/repository/commons-collections/commons-collections/3.2.2/commons-collections-3.2.2.jar:/Users/gauthamanprakasam/.m2/repository/org/apache/commons/commons-lang3/3.6/commons-lang3-3.6.jar:/Users/gauthamanprakasam/.m2/repository/commons-io/commons-io/2.5/commons-io-2.5.jar:/Users/gauthamanprakasam/.m2/repository/org/springframework/spring-context/5.0.0.RELEASE/spring-context-5.0.0.RELEASE.jar:/Users/gauthamanprakasam/.m2/repository/org/springframework/spring-aop/5.0.0.RELEASE/spring-aop-5.0.0.RELEASE.jar:/Users/gauthamanprakasam/.m2/repository/org/springframework/spring-beans/5.0.0.RELEASE/spring-beans-5.0.0.RELEASE.jar:/Users/gauthamanprakasam/.m2/repository/org/springframework/spring-core/5.0.0.RELEASE/spring-core-5.0.0.RELEASE.jar:/Users/gauthamanprakasam/.m2/repository/org/springframework/spring-jcl/5.0.0.RELEASE/spring-jcl-5.0.0.RELEASE.jar:/Users/gauthamanprakasam/.m2/repository/org/springframework/spring-expression/5.0.0.RELEASE/spring-expression-5.0.0.RELEASE.jar:/Users/gauthamanprakasam/.m2/repository/org/aspectj/aspectjweaver/1.8.11/aspectjweaver-1.8.11.jar:/Users/gauthamanprakasam/.m2/repository/org/openpnp/opencv/3.2.0-1/opencv-3.2.0-1.jar:/Users/gauthamanprakasam/.m2/repository/com/google/guava/guava/21.0/guava-21.0.jar:/Users/gauthamanprakasam/.m2/repository/org/seleniumhq/selenium/selenium-server/3.6.0/selenium-server-3.6.0.jar:/Users/gauthamanprakasam/.m2/repository/org/seleniumhq/selenium/selenium-chrome-driver/3.6.0/selenium-chrome-driver-3.6.0.jar:/Users/gauthamanprakasam/.m2/repository/org/seleniumhq/selenium/selenium-edge-driver/3.6.0/selenium-edge-driver-3.6.0.jar:/Users/gauthamanprakasam/.m2/repository/org/seleniumhq/selenium/selenium-firefox-driver/3.6.0/selenium-firefox-driver-3.6.0.jar:/Users/gauthamanprakasam/.m2/repository/org/seleniumhq/selenium/selenium-ie-driver/3.6.0/selenium-ie-driver-3.6.0.jar:/Users/gauthamanprakasam/.m2/repository/org/seleniumhq/selenium/selenium-opera-driver/3.6.0/selenium-opera-driver-3.6.0.jar:/Users/gauthamanprakasam/.m2/repository/org/seleniumhq/selenium/selenium-remote-driver/3.6.0/selenium-remote-driver-3.6.0.jar:/Users/gauthamanprakasam/.m2/repository/org/seleniumhq/selenium/selenium-safari-driver/3.6.0/selenium-safari-driver-3.6.0.jar:/Users/gauthamanprakasam/.m2/repository/com/beust/jcommander/1.48/jcommander-1.48.jar:/Users/gauthamanprakasam/.m2/repository/net/bytebuddy/byte-buddy/1.7.5/byte-buddy-1.7.5.jar:/Users/gauthamanprakasam/.m2/repository/org/apache/commons/commons-exec/1.3/commons-exec-1.3.jar:/Users/gauthamanprakasam/.m2/repository/commons-codec/commons-codec/1.10/commons-codec-1.10.jar:/Users/gauthamanprakasam/.m2/repository/commons-logging/commons-logging/1.2/commons-logging-1.2.jar:/Users/gauthamanprakasam/.m2/repository/org/w3c/css/sac/1.3/sac-1.3.jar:/Users/gauthamanprakasam/.m2/repository/net/sourceforge/cssparser/cssparser/0.9.23/cssparser-0.9.23.jar:/Users/gauthamanprakasam/.m2/repository/net/sourceforge/htmlunit/htmlunit/2.27/htmlunit-2.27.jar:/Users/gauthamanprakasam/.m2/repository/net/sourceforge/htmlunit/htmlunit-core-js/2.27/htmlunit-core-js-2.27.jar:/Users/gauthamanprakasam/.m2/repository/net/sourceforge/htmlunit/neko-htmlunit/2.27/neko-htmlunit-2.27.jar:/Users/gauthamanprakasam/.m2/repository/org/apache/httpcomponents/httpcore/4.4.6/httpcore-4.4.6.jar:/Users/gauthamanprakasam/.m2/repository/org/apache/httpcomponents/httpmime/4.5.3/httpmime-4.5.3.jar:/Users/gauthamanprakasam/.m2/repository/net/jcip/jcip-annotations/1.0/jcip-annotations-1.0.jar:/Users/gauthamanprakasam/.m2/repository/org/seleniumhq/selenium/jetty-repacked/9.4.5.v20170502/jetty-repacked-9.4.5.v20170502.jar:/Users/gauthamanprakasam/.m2/repository/org/eclipse/jetty/jetty-client/9.4.5.v20170502/jetty-client-9.4.5.v20170502.jar:/Users/gauthamanprakasam/.m2/repository/org/eclipse/jetty/jetty-http/9.4.5.v20170502/jetty-http-9.4.5.v20170502.jar:/Users/gauthamanprakasam/.m2/repository/org/eclipse/jetty/jetty-io/9.4.5.v20170502/jetty-io-9.4.5.v20170502.jar:/Users/gauthamanprakasam/.m2/repository/org/eclipse/jetty/jetty-util/9.4.5.v20170502/jetty-util-9.4.5.v20170502.jar:/Users/gauthamanprakasam/.m2/repository/net/java/dev/jna/jna/4.1.0/jna-4.1.0.jar:/Users/gauthamanprakasam/.m2/repository/net/java/dev/jna/jna-platform/4.1.0/jna-platform-4.1.0.jar:/Users/gauthamanprakasam/.m2/repository/com/codeborne/phantomjsdriver/1.4.0/phantomjsdriver-1.4.0.jar:/Users/gauthamanprakasam/.m2/repository/org/seleniumhq/selenium/htmlunit-driver/2.27/htmlunit-driver-2.27.jar:/Users/gauthamanprakasam/.m2/repository/javax/servlet/javax.servlet-api/3.1.0/javax.servlet-api-3.1.0.jar:/Users/gauthamanprakasam/.m2/repository/org/eclipse/jetty/websocket/websocket-api/9.4.5.v20170502/websocket-api-9.4.5.v20170502.jar:/Users/gauthamanprakasam/.m2/repository/org/eclipse/jetty/websocket/websocket-client/9.4.5.v20170502/websocket-client-9.4.5.v20170502.jar:/Users/gauthamanprakasam/.m2/repository/org/eclipse/jetty/websocket/websocket-common/9.4.5.v20170502/websocket-common-9.4.5.v20170502.jar:/Users/gauthamanprakasam/.m2/repository/xalan/serializer/2.7.2/serializer-2.7.2.jar:/Users/gauthamanprakasam/.m2/repository/xalan/xalan/2.7.2/xalan-2.7.2.jar:/Users/gauthamanprakasam/.m2/repository/xerces/xercesImpl/2.11.0/xercesImpl-2.11.0.jar:/Users/gauthamanprakasam/.m2/repository/xml-apis/xml-apis/1.4.01/xml-apis-1.4.01.jar:/Users/gauthamanprakasam/.m2/repository/org/yaml/snakeyaml/1.15/snakeyaml-1.15.jar:/Users/gauthamanprakasam/.m2/repository/org/testng/testng/6.8/testng-6.8.jar:/Users/gauthamanprakasam/.m2/repository/junit/junit/4.10/junit-4.10.jar:/Users/gauthamanprakasam/.m2/repository/org/hamcrest/hamcrest-core/1.1/hamcrest-core-1.1.jar:/Users/gauthamanprakasam/.m2/repository/org/beanshell/bsh/2.0b4/bsh-2.0b4.jar:/Users/gauthamanprakasam/.m2/repository/org/apache/maven/surefire/surefire-testng-utils/2.20.1/surefire-testng-utils-2.20.1.jar:/Users/gauthamanprakasam/.m2/repository/org/apache/maven/surefire/surefire-grouper/2.20.1/surefire-grouper-2.20.1.jar:"/>
    <property name="sun.cpu.endian" value="little"/>
    <property name="user.home" value="/Users/gauthamanprakasam"/>
    <property name="user.language" value="en"/>
    <property name="java.specification.vendor" value="Oracle Corporation"/>
    <property name="java.home" value="/Library/Java/JavaVirtualMachines/jdk1.8.0_121.jdk/Contents/Home/jre"/>
    <property name="basedir" value="/Users/gauthamanprakasam/eclipse-workspace/appiumTutorial"/>
    <property name="PlatformName" value="iOS"/>
    <property name="file.separator" value="/"/>
    <property name="line.separator" value="&#10;"/>
    <property name="java.vm.specification.vendor" value="Oracle Corporation"/>
    <property name="java.specification.name" value="Java Platform API Specification"/>
    <property name="java.awt.graphicsenv" value="sun.awt.CGraphicsEnvironment"/>
    <property name="surefire.real.class.path" value="/Users/gauthamanprakasam/eclipse-workspace/appiumTutorial/target/surefire/surefirebooter3388084576525981000.jar"/>
    <property name="sun.boot.class.path" value="/Library/Java/JavaVirtualMachines/jdk1.8.0_121.jdk/Contents/Home/jre/lib/resources.jar:/Library/Java/JavaVirtualMachines/jdk1.8.0_121.jdk/Contents/Home/jre/lib/rt.jar:/Library/Java/JavaVirtualMachines/jdk1.8.0_121.jdk/Contents/Home/jre/lib/sunrsasign.jar:/Library/Java/JavaVirtualMachines/jdk1.8.0_121.jdk/Contents/Home/jre/lib/jsse.jar:/Library/Java/JavaVirtualMachines/jdk1.8.0_121.jdk/Contents/Home/jre/lib/jce.jar:/Library/Java/JavaVirtualMachines/jdk1.8.0_121.jdk/Contents/Home/jre/lib/charsets.jar:/Library/Java/JavaVirtualMachines/jdk1.8.0_121.jdk/Contents/Home/jre/lib/jfr.jar:/Library/Java/JavaVirtualMachines/jdk1.8.0_121.jdk/Contents/Home/jre/classes"/>
    <property name="sun.management.compiler" value="HotSpot 64-Bit Tiered Compilers"/>
    <property name="ftp.nonProxyHosts" value="local|*.local|169.254/16|*.169.254/16"/>
    <property name="java.runtime.version" value="1.8.0_121-b13"/>
    <property name="user.name" value="gauthamanprakasam"/>
    <property name="path.separator" value=":"/>
    <property name="os.version" value="10.12.6"/>
    <property name="java.endorsed.dirs" value="/Library/Java/JavaVirtualMachines/jdk1.8.0_121.jdk/Contents/Home/jre/lib/endorsed"/>
    <property name="java.runtime.name" value="Java(TM) SE Runtime Environment"/>
    <property name="file.encoding" value="UTF-8"/>
    <property name="java.vm.name" value="Java HotSpot(TM) 64-Bit Server VM"/>
    <property name="localRepository" value="/Users/gauthamanprakasam/.m2/repository"/>
    <property name="java.vendor.url.bug" value="http://bugreport.sun.com/bugreport/"/>
    <property name="java.io.tmpdir" value="/var/folders/dk/_mldnjc51c54_0p3zswf93wm0000gn/T/"/>
    <property name="java.version" value="1.8.0_121"/>
    <property name="user.dir" value="/Users/gauthamanprakasam/eclipse-workspace/appiumTutorial"/>
    <property name="os.arch" value="x86_64"/>
    <property name="java.vm.specification.name" value="Java Virtual Machine Specification"/>
    <property name="java.awt.printerjob" value="sun.lwawt.macosx.CPrinterJob"/>
    <property name="sun.os.patch.level" value="unknown"/>
    <property name="java.library.path" value="/Users/gauthamanprakasam/Library/Java/Extensions:/Library/Java/Extensions:/Network/Library/Java/Extensions:/System/Library/Java/Extensions:/usr/lib/java:."/>
    <property name="java.vm.info" value="mixed mode"/>
    <property name="java.vendor" value="Oracle Corporation"/>
    <property name="java.vm.version" value="25.121-b13"/>
    <property name="java.ext.dirs" value="/Users/gauthamanprakasam/Library/Java/Extensions:/Library/Java/JavaVirtualMachines/jdk1.8.0_121.jdk/Contents/Home/jre/lib/ext:/Library/Java/Extensions:/Network/Library/Java/Extensions:/System/Library/Java/Extensions:/usr/lib/java"/>
    <property name="sun.io.unicode.encoding" value="UnicodeBig"/>
    <property name="java.class.version" value="52.0"/>
    <property name="socksNonProxyHosts" value="local|*.local|169.254/16|*.169.254/16"/>
    <property name="DeviceName" value="iPad Simulator"/>
  </properties>
  <testcase name="datepicker" classname="com.learning.appium.appiumTutorial.iPhoneSimulatorCI" time="44.248">
    <failure message="An element could not be located on the page using the given search parameters. (WARNING: The server did not provide any stacktrace information)&#10;Command duration or timeout: 0 milliseconds&#10;For documentation on this error, please visit: http://seleniumhq.org/exceptions/no_such_element.html&#10;Build info: version: &apos;3.6.0&apos;, revision: &apos;6fbf3ec767&apos;, time: &apos;2017-09-27T15:28:36.4Z&apos;&#10;System info: host: &apos;Gauthamans-MBP.fios-router.home&apos;, ip: &apos;fe80:0:0:0:491:a1b:e6b8:303d%en0&apos;, os.name: &apos;Mac OS X&apos;, os.arch: &apos;x86_64&apos;, os.version: &apos;10.12.6&apos;, java.version: &apos;1.8.0_121&apos;&#10;Driver info: io.appium.java_client.ios.IOSDriver&#10;Capabilities [{app=Users/gauthamanprakasam/Library/Developer/Xcode/DerivedData/UIKitCatalog-acdpwptlisjkkddfujxozpmvjist/Build/Products/Debug-iphonesimulator/UIKitCatalog.app, networkConnectionEnabled=false, databaseEnabled=false, deviceName=iPad Simulator, platform=MAC, platformVersion=11.0, webStorageEnabled=false, locationContextEnabled=false, automationName=XCUITest, browserName=, takesScreenshot=true, javascriptEnabled=true, udid=3B328289-04FF-412C-A30F-66CA544ACAD2, platformName=MAC}]&#10;Session ID: 2e553a07-e4ea-409e-aca1-a6d134cb55f0&#10;*** Element info: {Using=name, value=Date Picker}" type="org.openqa.selenium.NoSuchElementException">org.openqa.selenium.NoSuchElementException: 
An element could not be located on the page using the given search parameters. (WARNING: The server did not provide any stacktrace information)
Command duration or timeout: 0 milliseconds
For documentation on this error, please visit: http://seleniumhq.org/exceptions/no_such_element.html
Build info: version: '3.6.0', revision: '6fbf3ec767', time: '2017-09-27T15:28:36.4Z'
System info: host: 'Gauthamans-MBP.fios-router.home', ip: 'fe80:0:0:0:491:a1b:e6b8:303d%en0', os.name: 'Mac OS X', os.arch: 'x86_64', os.version: '10.12.6', java.version: '1.8.0_121'
Driver info: io.appium.java_client.ios.IOSDriver
Capabilities [{app=Users/gauthamanprakasam/Library/Developer/Xcode/DerivedData/UIKitCatalog-acdpwptlisjkkddfujxozpmvjist/Build/Products/Debug-iphonesimulator/UIKitCatalog.app, networkConnectionEnabled=false, databaseEnabled=false, deviceName=iPad Simulator, platform=MAC, platformVersion=11.0, webStorageEnabled=false, locationContextEnabled=false, automationName=XCUITest, browserName=, takesScreenshot=true, javascriptEnabled=true, udid=3B328289-04FF-412C-A30F-66CA544ACAD2, platformName=MAC}]
Session ID: 2e553a07-e4ea-409e-aca1-a6d134cb55f0
*** Element info: {Using=name, value=Date Picker}
	at com.learning.appium.appiumTutorial.iPhoneSimulatorCI.datepicker(iPhoneSimulatorCI.java:41)
</failure>
    <system-out><![CDATA[Execution starting to launch Date Picker
]]></system-out>
    <system-err><![CDATA[Oct 09, 2017 10:13:25 PM org.openqa.selenium.remote.ProtocolHandshake createSession
INFO: Detected dialect: OSS
]]></system-err>
  </testcase>
</testsuite>