<?xml version="1.0" encoding="UTF-8"?>
<!-- Generated by org.testng.reporters.JUnitReportReporter -->
<testsuite hostname="Gauthamans-MBP.fios-router.home" name="com.learning.appium.appiumTutorial.DatePicker" tests="1" failures="0" timestamp="9 Oct 2017 01:34:58 GMT" time="52.112" errors="0">
  <testcase name="datemethod" time="52.112" classname="com.learning.appium.appiumTutorial.DatePicker"/>
</testsuite> <!-- com.learning.appium.appiumTutorial.DatePicker -->
