<?xml version="1.0" encoding="UTF-8"?>
<!-- Generated by org.testng.reporters.JUnitReportReporter -->
<testsuite hostname="Gauthamans-MBP.fios-router.home" name="com.learning.appium.appiumTutorial.iPhoneSimulatorCI" tests="1" failures="0" timestamp="10 Oct 2017 03:35:11 GMT" time="79.432" errors="0">
  <testcase name="datepicker" time="79.432" classname="com.learning.appium.appiumTutorial.iPhoneSimulatorCI"/>
</testsuite> <!-- com.learning.appium.appiumTutorial.iPhoneSimulatorCI -->
