<?xml version="1.0" encoding="UTF-8"?>
<!-- Generated by org.testng.reporters.JUnitReportReporter -->
<testsuite hostname="Gauthamans-MBP.fios-router.home" name="com.learning.appium.appiumTutorial.iPhoneSimulatorCI" tests="1" failures="0" timestamp="9 Oct 2017 01:47:20 GMT" time="93.635" errors="0">
  <testcase name="datepicker" time="93.635" classname="com.learning.appium.appiumTutorial.iPhoneSimulatorCI"/>
</testsuite> <!-- com.learning.appium.appiumTutorial.iPhoneSimulatorCI -->
