<?xml version="1.0" encoding="UTF-8"?>
<!-- Generated by org.testng.reporters.JUnitReportReporter -->
<testsuite hostname="Gauthamans-MBP.fios-router.home" name="com.learning.appium.appiumTutorial.picker" tests="1" failures="0" timestamp="9 Oct 2017 01:36:25 GMT" time="29.490" errors="0">
  <testcase name="pickerLaunch" time="29.490" classname="com.learning.appium.appiumTutorial.picker"/>
</testsuite> <!-- com.learning.appium.appiumTutorial.picker -->
